C:\USERS\USER\DESKTOP\GAME\EARTH INVADERS\IGRAPHIC1.2VS10\DEBUG\IGRAPHIC1.2VS10.EXE
C:\USERS\USER\DESKTOP\GAME\EARTH INVADERS\IGRAPHIC1.2VS10\DEBUG\IGRAPHIC1.2VS10.ILK
C:\USERS\USER\DESKTOP\GAME\EARTH INVADERS\IGRAPHIC1.2VS10\DEBUG\IGRAPHIC1.2VS10.PDB
C:\Users\USER\Desktop\Game\Earth Invaders\iGraphic1.2VS10\iGraphic1.2VS10\Debug\cl.command.1.tlog
C:\Users\USER\Desktop\Game\Earth Invaders\iGraphic1.2VS10\iGraphic1.2VS10\Debug\CL.read.1.tlog
C:\Users\USER\Desktop\Game\Earth Invaders\iGraphic1.2VS10\iGraphic1.2VS10\Debug\CL.write.1.tlog
C:\USERS\USER\DESKTOP\GAME\EARTH INVADERS\IGRAPHIC1.2VS10\IGRAPHIC1.2VS10\DEBUG\IGRAPHIC1.2VS10.EXE.EMBED.MANIFEST
C:\USERS\USER\DESKTOP\GAME\EARTH INVADERS\IGRAPHIC1.2VS10\IGRAPHIC1.2VS10\DEBUG\IGRAPHIC1.2VS10.EXE.EMBED.MANIFEST.RES
C:\USERS\USER\DESKTOP\GAME\EARTH INVADERS\IGRAPHIC1.2VS10\IGRAPHIC1.2VS10\DEBUG\IGRAPHIC1.2VS10.EXE.INTERMEDIATE.MANIFEST
C:\Users\USER\Desktop\Game\Earth Invaders\iGraphic1.2VS10\iGraphic1.2VS10\Debug\iGraphic1.2VS10.write.1.tlog
C:\Users\USER\Desktop\Game\Earth Invaders\iGraphic1.2VS10\iGraphic1.2VS10\Debug\iGraphic1.2VS10_manifest.rc
C:\USERS\USER\DESKTOP\GAME\EARTH INVADERS\IGRAPHIC1.2VS10\IGRAPHIC1.2VS10\DEBUG\IMAIN.OBJ
C:\Users\USER\Desktop\Game\Earth Invaders\iGraphic1.2VS10\iGraphic1.2VS10\Debug\link.4468.read.1.tlog
C:\Users\USER\Desktop\Game\Earth Invaders\iGraphic1.2VS10\iGraphic1.2VS10\Debug\link.4468.write.1.tlog
C:\Users\USER\Desktop\Game\Earth Invaders\iGraphic1.2VS10\iGraphic1.2VS10\Debug\link.4468-cvtres.read.1.tlog
C:\Users\USER\Desktop\Game\Earth Invaders\iGraphic1.2VS10\iGraphic1.2VS10\Debug\link.4468-cvtres.write.1.tlog
C:\Users\USER\Desktop\Game\Earth Invaders\iGraphic1.2VS10\iGraphic1.2VS10\Debug\link.command.1.tlog
C:\Users\USER\Desktop\Game\Earth Invaders\iGraphic1.2VS10\iGraphic1.2VS10\Debug\link.read.1.tlog
C:\Users\USER\Desktop\Game\Earth Invaders\iGraphic1.2VS10\iGraphic1.2VS10\Debug\link.write.1.tlog
C:\Users\USER\Desktop\Game\Earth Invaders\iGraphic1.2VS10\iGraphic1.2VS10\Debug\link-cvtres.read.1.tlog
C:\Users\USER\Desktop\Game\Earth Invaders\iGraphic1.2VS10\iGraphic1.2VS10\Debug\link-cvtres.write.1.tlog
C:\Users\USER\Desktop\Game\Earth Invaders\iGraphic1.2VS10\iGraphic1.2VS10\Debug\mt.command.1.tlog
C:\Users\USER\Desktop\Game\Earth Invaders\iGraphic1.2VS10\iGraphic1.2VS10\Debug\mt.read.1.tlog
C:\Users\USER\Desktop\Game\Earth Invaders\iGraphic1.2VS10\iGraphic1.2VS10\Debug\mt.write.1.tlog
C:\Users\USER\Desktop\Game\Earth Invaders\iGraphic1.2VS10\iGraphic1.2VS10\Debug\rc.command.1.tlog
C:\Users\USER\Desktop\Game\Earth Invaders\iGraphic1.2VS10\iGraphic1.2VS10\Debug\rc.read.1.tlog
C:\Users\USER\Desktop\Game\Earth Invaders\iGraphic1.2VS10\iGraphic1.2VS10\Debug\rc.write.1.tlog
C:\Users\USER\Desktop\Game\Earth Invaders\iGraphic1.2VS10\iGraphic1.2VS10\Debug\vc100.idb
C:\USERS\USER\DESKTOP\GAME\EARTH INVADERS\IGRAPHIC1.2VS10\IGRAPHIC1.2VS10\DEBUG\VC100.PDB
